2025-03-23 03:26:00: Accepted generated code with cited text 
```
equirements for google auth via: pip install google-auth requests
from google.oauth2 import id_token
from google_auth_oauthlib.flow import Flow
from pip
```
 from 'https://replit.com/talk/learn/Google-Authentication-with-Flask/144745' with an unknown license
TextDocument: untitled:Untitled-2, InsertPosition: Ln:0, Col:0

2025-03-23 03:26:00: Accepted generated code with cited text 
```
redentials)
GOOGLE_CLIENT_ID = os.environ.get("GOOGLE_CLIENT_ID")
client_secrets_file = os.path.join(os.path.dirname(__file__), "client_secret.json")
flow = Flow.from_client_secrets_file(
    
```
 from 'https://github.com/kartik-nv/IITD-webInternship' with an unknown license
TextDocument: untitled:Untitled-2, InsertPosition: Ln:0, Col:0

2025-03-23 03:26:00: Accepted generated code with cited text 
```
nt_secrets_file(
    client_secrets_file=client_secrets_file,
    scopes=["https://www.googleapis.com/auth/userinfo.profile", "https:/
```
 from 'https://github.com/ASDA-Grocery/periodicRequests' with an unknown license
TextDocument: untitled:Untitled-2, InsertPosition: Ln:0, Col:0

2025-03-23 03:26:00: Accepted generated code with cited text 
```
log in
        return '<a href="/login">Login with Google</a>'


@app.route("/login")
def login():
    authorization_url, state = flow.authorization_url()
    
```
 from 'https://replit.com/talk/learn/Google-Authentication-with-Flask/144745' with an unknown license
TextDocument: untitled:Untitled-2, InsertPosition: Ln:0, Col:0

2025-03-23 03:26:00: Accepted generated code with cited text 
```
ession["state"] = state
    return redirect(authorization_url)


@app.route("/callback")
def callback():
    flow.fetch_token(authorization_response=request.ur
```
 from 'https://replit.com/talk/learn/Google-Authentication-with-Flask/144745' with an unknown license
TextDocument: untitled:Untitled-2, InsertPosition: Ln:0, Col:0

2025-03-23 03:26:00: Accepted generated code with cited text 
```
args["state"]:
        return 'Invalid state parameter', 401

    credentials = flow.credentials
    request_session = requests.session()
    cached_session = cachecontrol.CacheControl(request_session)
    token_request = google.auth.transport.requests.Request(session=cached_session)

    id_info = id_token.verify_oauth2_token(
        id_token=credentials._id_token,
        request=tok
```
 from 'https://replit.com/talk/learn/Google-Authentication-with-Flask/144745' with an unknown license
TextDocument: untitled:Untitled-2, InsertPosition: Ln:0, Col:0

2025-03-23 03:26:00: Accepted generated code with cited text 
```
.requests.Request(session=cached_session)

    id_info = id_token.verify_oauth2_token(
        id_token=credentials._id_token,
        request=token_request,
        audience
```
 from 'https://github.com/dungnt2508/soicau' with an unknown license
TextDocument: untitled:Untitled-2, InsertPosition: Ln:0, Col:0

2025-03-23 03:26:04: Accepted generated code with cited text 
```
en
from google_auth_oauthlib.flow import Flow
from pip
```
 from 'https://replit.com/talk/learn/Google-Authentication-with-Flask/144745' with an unknown license
TextDocument: untitled:Untitled-1, InsertPosition: Ln:0, Col:0

2025-03-23 03:26:04: Accepted generated code with cited text 
```

```
 from 'https://github.com/kartik-nv/IITD-webInternship' with an unknown license
TextDocument: untitled:Untitled-1, InsertPosition: Ln:0, Col:0

2025-03-23 03:26:04: Accepted generated code with cited text 
```

```
 from 'https://github.com/ASDA-Grocery/periodicRequests' with an unknown license
TextDocument: untitled:Untitled-1, InsertPosition: Ln:0, Col:0

2025-03-23 03:26:04: Accepted generated code with cited text 
```

```
 from 'https://replit.com/talk/learn/Google-Authentication-with-Flask/144745' with an unknown license
TextDocument: untitled:Untitled-1, InsertPosition: Ln:0, Col:0

2025-03-23 03:26:04: Accepted generated code with cited text 
```

```
 from 'https://replit.com/talk/learn/Google-Authentication-with-Flask/144745' with an unknown license
TextDocument: untitled:Untitled-1, InsertPosition: Ln:0, Col:0

2025-03-23 03:26:04: Accepted generated code with cited text 
```

```
 from 'https://replit.com/talk/learn/Google-Authentication-with-Flask/144745' with an unknown license
TextDocument: untitled:Untitled-1, InsertPosition: Ln:0, Col:0

2025-03-23 03:26:04: Accepted generated code with cited text 
```

```
 from 'https://github.com/dungnt2508/soicau' with an unknown license
TextDocument: untitled:Untitled-1, InsertPosition: Ln:0, Col:0

2025-03-23 03:26:04: Accepted generated code with cited text 
```
equirements for google auth via: pip install google-auth requests
from google.oauth2 import id_token
from google_auth_oauthlib.flow import Flow
from pip
```
 from 'https://replit.com/talk/learn/Google-Authentication-with-Flask/144745' with an unknown license
TextDocument: untitled:Untitled-1, InsertPosition: Ln:0, Col:0

2025-03-23 03:26:04: Accepted generated code with cited text 
```
redentials)
GOOGLE_CLIENT_ID = os.environ.get("GOOGLE_CLIENT_ID")
client_secrets_file = os.path.join(os.path.dirname(__file__), "client_secret.json")
flow = Flow.from_client_secrets_file(
    
```
 from 'https://github.com/kartik-nv/IITD-webInternship' with an unknown license
TextDocument: untitled:Untitled-1, InsertPosition: Ln:0, Col:0

2025-03-23 03:26:04: Accepted generated code with cited text 
```
nt_secrets_file(
    client_secrets_file=client_secrets_file,
    scopes=["https://www.googleapis.com/auth/userinfo.profile", "https:/
```
 from 'https://github.com/ASDA-Grocery/periodicRequests' with an unknown license
TextDocument: untitled:Untitled-1, InsertPosition: Ln:0, Col:0

2025-03-23 03:26:04: Accepted generated code with cited text 
```
log in
        return '<a href="/login">Login with Google</a>'


@app.route("/login")
def login():
    authorization_url, state = flow.authorization_url()
    
```
 from 'https://replit.com/talk/learn/Google-Authentication-with-Flask/144745' with an unknown license
TextDocument: untitled:Untitled-1, InsertPosition: Ln:0, Col:0

2025-03-23 03:26:04: Accepted generated code with cited text 
```
ession["state"] = state
    return redirect(authorization_url)


@app.route("/callback")
def callback():
    flow.fetch_token(authorization_response=request.ur
```
 from 'https://replit.com/talk/learn/Google-Authentication-with-Flask/144745' with an unknown license
TextDocument: untitled:Untitled-1, InsertPosition: Ln:0, Col:0

2025-03-23 03:26:04: Accepted generated code with cited text 
```
args["state"]:
        return 'Invalid state parameter', 401

    credentials = flow.credentials
    request_session = requests.session()
    cached_session = cachecontrol.CacheControl(request_session)
    token_request = google.auth.transport.requests.Request(session=cached_session)

    id_info = id_token.verify_oauth2_token(
        id_token=credentials._id_token,
        request=tok
```
 from 'https://replit.com/talk/learn/Google-Authentication-with-Flask/144745' with an unknown license
TextDocument: untitled:Untitled-1, InsertPosition: Ln:0, Col:0

2025-03-23 03:26:04: Accepted generated code with cited text 
```
.requests.Request(session=cached_session)

    id_info = id_token.verify_oauth2_token(
        id_token=credentials._id_token,
        request=token_request,
        audience
```
 from 'https://github.com/dungnt2508/soicau' with an unknown license
TextDocument: untitled:Untitled-1, InsertPosition: Ln:0, Col:0

2025-03-23 03:26:05: Accepted generated code with cited text 
```
en
from google_auth_oauthlib.flow import Flow
from pip
```
 from 'https://replit.com/talk/learn/Google-Authentication-with-Flask/144745' with an unknown license
TextDocument: untitled:Untitled-1, InsertPosition: Ln:0, Col:0

2025-03-23 03:26:05: Accepted generated code with cited text 
```

```
 from 'https://github.com/kartik-nv/IITD-webInternship' with an unknown license
TextDocument: untitled:Untitled-1, InsertPosition: Ln:0, Col:0

2025-03-23 03:26:05: Accepted generated code with cited text 
```

```
 from 'https://github.com/ASDA-Grocery/periodicRequests' with an unknown license
TextDocument: untitled:Untitled-1, InsertPosition: Ln:0, Col:0

2025-03-23 03:26:05: Accepted generated code with cited text 
```

```
 from 'https://replit.com/talk/learn/Google-Authentication-with-Flask/144745' with an unknown license
TextDocument: untitled:Untitled-1, InsertPosition: Ln:0, Col:0

2025-03-23 03:26:05: Accepted generated code with cited text 
```

```
 from 'https://replit.com/talk/learn/Google-Authentication-with-Flask/144745' with an unknown license
TextDocument: untitled:Untitled-1, InsertPosition: Ln:0, Col:0

2025-03-23 03:26:05: Accepted generated code with cited text 
```

```
 from 'https://replit.com/talk/learn/Google-Authentication-with-Flask/144745' with an unknown license
TextDocument: untitled:Untitled-1, InsertPosition: Ln:0, Col:0

2025-03-23 03:26:05: Accepted generated code with cited text 
```

```
 from 'https://github.com/dungnt2508/soicau' with an unknown license
TextDocument: untitled:Untitled-1, InsertPosition: Ln:0, Col:0

2025-03-23 03:26:05: Accepted generated code with cited text 
```
en
from google_auth_oauthlib.flow import Flow
from pip
```
 from 'https://replit.com/talk/learn/Google-Authentication-with-Flask/144745' with an unknown license
TextDocument: untitled:Untitled-1, InsertPosition: Ln:0, Col:0

2025-03-23 03:26:05: Accepted generated code with cited text 
```

```
 from 'https://github.com/kartik-nv/IITD-webInternship' with an unknown license
TextDocument: untitled:Untitled-1, InsertPosition: Ln:0, Col:0

2025-03-23 03:26:05: Accepted generated code with cited text 
```

```
 from 'https://github.com/ASDA-Grocery/periodicRequests' with an unknown license
TextDocument: untitled:Untitled-1, InsertPosition: Ln:0, Col:0

2025-03-23 03:26:05: Accepted generated code with cited text 
```

```
 from 'https://replit.com/talk/learn/Google-Authentication-with-Flask/144745' with an unknown license
TextDocument: untitled:Untitled-1, InsertPosition: Ln:0, Col:0

2025-03-23 03:26:05: Accepted generated code with cited text 
```

```
 from 'https://replit.com/talk/learn/Google-Authentication-with-Flask/144745' with an unknown license
TextDocument: untitled:Untitled-1, InsertPosition: Ln:0, Col:0

2025-03-23 03:26:05: Accepted generated code with cited text 
```

```
 from 'https://replit.com/talk/learn/Google-Authentication-with-Flask/144745' with an unknown license
TextDocument: untitled:Untitled-1, InsertPosition: Ln:0, Col:0

2025-03-23 03:26:05: Accepted generated code with cited text 
```

```
 from 'https://github.com/dungnt2508/soicau' with an unknown license
TextDocument: untitled:Untitled-1, InsertPosition: Ln:0, Col:0

2025-03-23 03:26:05: Accepted generated code with cited text 
```
equirements for google auth via: pip install google-auth requests
from google.oauth2 import id_token
from google_auth_oauthlib.flow import Flow
from pip
```
 from 'https://replit.com/talk/learn/Google-Authentication-with-Flask/144745' with an unknown license
TextDocument: untitled:Untitled-1, InsertPosition: Ln:0, Col:0

2025-03-23 03:26:05: Accepted generated code with cited text 
```
redentials)
GOOGLE_CLIENT_ID = os.environ.get("GOOGLE_CLIENT_ID")
client_secrets_file = os.path.join(os.path.dirname(__file__), "client_secret.json")
flow = Flow.from_client_secrets_file(
    
```
 from 'https://github.com/kartik-nv/IITD-webInternship' with an unknown license
TextDocument: untitled:Untitled-1, InsertPosition: Ln:0, Col:0

2025-03-23 03:26:05: Accepted generated code with cited text 
```
nt_secrets_file(
    client_secrets_file=client_secrets_file,
    scopes=["https://www.googleapis.com/auth/userinfo.profile", "https:/
```
 from 'https://github.com/ASDA-Grocery/periodicRequests' with an unknown license
TextDocument: untitled:Untitled-1, InsertPosition: Ln:0, Col:0

2025-03-23 03:26:05: Accepted generated code with cited text 
```
log in
        return '<a href="/login">Login with Google</a>'


@app.route("/login")
def login():
    authorization_url, state = flow.authorization_url()
    
```
 from 'https://replit.com/talk/learn/Google-Authentication-with-Flask/144745' with an unknown license
TextDocument: untitled:Untitled-1, InsertPosition: Ln:0, Col:0

2025-03-23 03:26:05: Accepted generated code with cited text 
```
ession["state"] = state
    return redirect(authorization_url)


@app.route("/callback")
def callback():
    flow.fetch_token(authorization_response=request.ur
```
 from 'https://replit.com/talk/learn/Google-Authentication-with-Flask/144745' with an unknown license
TextDocument: untitled:Untitled-1, InsertPosition: Ln:0, Col:0

2025-03-23 03:26:05: Accepted generated code with cited text 
```
args["state"]:
        return 'Invalid state parameter', 401

    credentials = flow.credentials
    request_session = requests.session()
    cached_session = cachecontrol.CacheControl(request_session)
    token_request = google.auth.transport.requests.Request(session=cached_session)

    id_info = id_token.verify_oauth2_token(
        id_token=credentials._id_token,
        request=tok
```
 from 'https://replit.com/talk/learn/Google-Authentication-with-Flask/144745' with an unknown license
TextDocument: untitled:Untitled-1, InsertPosition: Ln:0, Col:0

2025-03-23 03:26:05: Accepted generated code with cited text 
```
.requests.Request(session=cached_session)

    id_info = id_token.verify_oauth2_token(
        id_token=credentials._id_token,
        request=token_request,
        audience
```
 from 'https://github.com/dungnt2508/soicau' with an unknown license
TextDocument: untitled:Untitled-1, InsertPosition: Ln:0, Col:0

2025-03-23 03:26:25: Accepted generated code with cited text 
```
equirements for google auth via: pip install google-auth requests
from google.oauth2 import id_token
from google_auth_oauthlib.flow import Flow
from pip
```
 from 'https://replit.com/talk/learn/Google-Authentication-with-Flask/144745' with an unknown license
TextDocument: file:///home/carpathianwolfjoseph/%23%20app.py, InsertPosition: Ln:0, Col:0

2025-03-23 03:26:25: Accepted generated code with cited text 
```
redentials)
GOOGLE_CLIENT_ID = os.environ.get("GOOGLE_CLIENT_ID")
client_secrets_file = os.path.join(os.path.dirname(__file__), "client_secret.json")
flow = Flow.from_client_secrets_file(
    
```
 from 'https://github.com/kartik-nv/IITD-webInternship' with an unknown license
TextDocument: file:///home/carpathianwolfjoseph/%23%20app.py, InsertPosition: Ln:0, Col:0

2025-03-23 03:26:25: Accepted generated code with cited text 
```
nt_secrets_file(
    client_secrets_file=client_secrets_file,
    scopes=["https://www.googleapis.com/auth/userinfo.profile", "https:/
```
 from 'https://github.com/ASDA-Grocery/periodicRequests' with an unknown license
TextDocument: file:///home/carpathianwolfjoseph/%23%20app.py, InsertPosition: Ln:0, Col:0

2025-03-23 03:26:25: Accepted generated code with cited text 
```
log in
        return '<a href="/login">Login with Google</a>'


@app.route("/login")
def login():
    authorization_url, state = flow.authorization_url()
    
```
 from 'https://replit.com/talk/learn/Google-Authentication-with-Flask/144745' with an unknown license
TextDocument: file:///home/carpathianwolfjoseph/%23%20app.py, InsertPosition: Ln:0, Col:0

2025-03-23 03:26:25: Accepted generated code with cited text 
```
ession["state"] = state
    return redirect(authorization_url)


@app.route("/callback")
def callback():
    flow.fetch_token(authorization_response=request.ur
```
 from 'https://replit.com/talk/learn/Google-Authentication-with-Flask/144745' with an unknown license
TextDocument: file:///home/carpathianwolfjoseph/%23%20app.py, InsertPosition: Ln:0, Col:0

2025-03-23 03:26:25: Accepted generated code with cited text 
```
args["state"]:
        return 'Invalid state parameter', 401

    credentials = flow.credentials
    request_session = requests.session()
    cached_session = cachecontrol.CacheControl(request_session)
    token_request = google.auth.transport.requests.Request(session=cached_session)

    id_info = id_token.verify_oauth2_token(
        id_token=credentials._id_token,
        request=tok
```
 from 'https://replit.com/talk/learn/Google-Authentication-with-Flask/144745' with an unknown license
TextDocument: file:///home/carpathianwolfjoseph/%23%20app.py, InsertPosition: Ln:0, Col:0

2025-03-23 03:26:25: Accepted generated code with cited text 
```
.requests.Request(session=cached_session)

    id_info = id_token.verify_oauth2_token(
        id_token=credentials._id_token,
        request=token_request,
        audience
```
 from 'https://github.com/dungnt2508/soicau' with an unknown license
TextDocument: file:///home/carpathianwolfjoseph/%23%20app.py, InsertPosition: Ln:0, Col:0

2025-03-23 03:29:11: Accepted generated code with cited text 
```
equirements for google auth via: pip install google-auth requests
from google.oauth2 import id_token
from google_auth_oauthlib.flow import Flow
from pip
```
 from 'https://replit.com/talk/learn/Google-Authentication-with-Flask/144745' with an unknown license
TextDocument: file:///home/carpathianwolfjoseph/%23%20app.py, InsertPosition: Ln:0, Col:0

2025-03-23 03:29:11: Accepted generated code with cited text 
```
redentials)
GOOGLE_CLIENT_ID = os.environ.get("GOOGLE_CLIENT_ID")
client_secrets_file = os.path.join(os.path.dirname(__file__), "client_secret.json")
flow = Flow.from_client_secrets_file(
    
```
 from 'https://github.com/kartik-nv/IITD-webInternship' with an unknown license
TextDocument: file:///home/carpathianwolfjoseph/%23%20app.py, InsertPosition: Ln:0, Col:0

2025-03-23 03:29:11: Accepted generated code with cited text 
```
nt_secrets_file(
    client_secrets_file=client_secrets_file,
    scopes=["https://www.googleapis.com/auth/userinfo.profile", "https:/
```
 from 'https://github.com/ASDA-Grocery/periodicRequests' with an unknown license
TextDocument: file:///home/carpathianwolfjoseph/%23%20app.py, InsertPosition: Ln:0, Col:0

2025-03-23 03:29:11: Accepted generated code with cited text 
```
log in
        return '<a href="/login">Login with Google</a>'


@app.route("/login")
def login():
    authorization_url, state = flow.authorization_url()
    
```
 from 'https://replit.com/talk/learn/Google-Authentication-with-Flask/144745' with an unknown license
TextDocument: file:///home/carpathianwolfjoseph/%23%20app.py, InsertPosition: Ln:0, Col:0

2025-03-23 03:29:11: Accepted generated code with cited text 
```
ession["state"] = state
    return redirect(authorization_url)


@app.route("/callback")
def callback():
    flow.fetch_token(authorization_response=request.ur
```
 from 'https://replit.com/talk/learn/Google-Authentication-with-Flask/144745' with an unknown license
TextDocument: file:///home/carpathianwolfjoseph/%23%20app.py, InsertPosition: Ln:0, Col:0

2025-03-23 03:29:11: Accepted generated code with cited text 
```
args["state"]:
        return 'Invalid state parameter', 401

    credentials = flow.credentials
    request_session = requests.session()
    cached_session = cachecontrol.CacheControl(request_session)
    token_request = google.auth.transport.requests.Request(session=cached_session)

    id_info = id_token.verify_oauth2_token(
        id_token=credentials._id_token,
        request=tok
```
 from 'https://replit.com/talk/learn/Google-Authentication-with-Flask/144745' with an unknown license
TextDocument: file:///home/carpathianwolfjoseph/%23%20app.py, InsertPosition: Ln:0, Col:0

2025-03-23 03:29:11: Accepted generated code with cited text 
```
.requests.Request(session=cached_session)

    id_info = id_token.verify_oauth2_token(
        id_token=credentials._id_token,
        request=token_request,
        audience
```
 from 'https://github.com/dungnt2508/soicau' with an unknown license
TextDocument: file:///home/carpathianwolfjoseph/%23%20app.py, InsertPosition: Ln:0, Col:0

2025-03-23 03:40:00: Accepted generated code with cited text 
```
equirements for google auth via: pip install google-auth requests
from google.oauth2 import id_token
from google_auth_oauthlib.flow import Flow
from pip
```
 from 'https://replit.com/talk/learn/Google-Authentication-with-Flask/144745' with an unknown license
TextDocument: file:///home/carpathianwolfjoseph/%23%20app.py, InsertPosition: Ln:0, Col:0

2025-03-23 03:40:00: Accepted generated code with cited text 
```
redentials)
GOOGLE_CLIENT_ID = os.environ.get("GOOGLE_CLIENT_ID")
client_secrets_file = os.path.join(os.path.dirname(__file__), "client_secret.json")
flow = Flow.from_client_secrets_file(
    
```
 from 'https://github.com/kartik-nv/IITD-webInternship' with an unknown license
TextDocument: file:///home/carpathianwolfjoseph/%23%20app.py, InsertPosition: Ln:0, Col:0

2025-03-23 03:40:00: Accepted generated code with cited text 
```
nt_secrets_file(
    client_secrets_file=client_secrets_file,
    scopes=["https://www.googleapis.com/auth/userinfo.profile", "https:/
```
 from 'https://github.com/ASDA-Grocery/periodicRequests' with an unknown license
TextDocument: file:///home/carpathianwolfjoseph/%23%20app.py, InsertPosition: Ln:0, Col:0

2025-03-23 03:40:00: Accepted generated code with cited text 
```
log in
        return '<a href="/login">Login with Google</a>'


@app.route("/login")
def login():
    authorization_url, state = flow.authorization_url()
    
```
 from 'https://replit.com/talk/learn/Google-Authentication-with-Flask/144745' with an unknown license
TextDocument: file:///home/carpathianwolfjoseph/%23%20app.py, InsertPosition: Ln:0, Col:0

2025-03-23 03:40:00: Accepted generated code with cited text 
```
ession["state"] = state
    return redirect(authorization_url)


@app.route("/callback")
def callback():
    flow.fetch_token(authorization_response=request.ur
```
 from 'https://replit.com/talk/learn/Google-Authentication-with-Flask/144745' with an unknown license
TextDocument: file:///home/carpathianwolfjoseph/%23%20app.py, InsertPosition: Ln:0, Col:0

2025-03-23 03:40:00: Accepted generated code with cited text 
```
args["state"]:
        return 'Invalid state parameter', 401

    credentials = flow.credentials
    request_session = requests.session()
    cached_session = cachecontrol.CacheControl(request_session)
    token_request = google.auth.transport.requests.Request(session=cached_session)

    id_info = id_token.verify_oauth2_token(
        id_token=credentials._id_token,
        request=tok
```
 from 'https://replit.com/talk/learn/Google-Authentication-with-Flask/144745' with an unknown license
TextDocument: file:///home/carpathianwolfjoseph/%23%20app.py, InsertPosition: Ln:0, Col:0

2025-03-23 03:40:00: Accepted generated code with cited text 
```
.requests.Request(session=cached_session)

    id_info = id_token.verify_oauth2_token(
        id_token=credentials._id_token,
        request=token_request,
        audience
```
 from 'https://github.com/dungnt2508/soicau' with an unknown license
TextDocument: file:///home/carpathianwolfjoseph/%23%20app.py, InsertPosition: Ln:0, Col:0

2025-03-23 03:40:00: Accepted generated code with a RAG citation from repo -  and Filepath: /home/carpathianwolfjoseph/# app.py for TextDocument: file:///home/carpathianwolfjoseph/%23%20app.py, InsertPosition: Ln:0, Col:0

2025-03-23 03:40:00: Accepted generated code with a RAG citation from repo -  and Filepath: /home/carpathianwolfjoseph/# app.py for TextDocument: file:///home/carpathianwolfjoseph/%23%20app.py, InsertPosition: Ln:0, Col:0

2025-03-23 03:40:00: Accepted generated code with a RAG citation from repo -  and Filepath: /home/carpathianwolfjoseph/# app.py for TextDocument: file:///home/carpathianwolfjoseph/%23%20app.py, InsertPosition: Ln:0, Col:0

2025-03-23 03:40:42: Accepted generated code with cited text 
```
font-family: sans-serif;
    display: flex;
    justify-content: center;
    align-items: center;
    min-height: 100vh;
}

.container {
    background-color
```
 from 'https://github.com/Ann4017/Ann-Guessing-Numbers' with an unknown license
TextDocument: untitled:Untitled-2, InsertPosition: Ln:0, Col:0

2025-03-23 03:40:45: Accepted generated code with cited text 
```
font-family: sans-serif;
    display: flex;
    justify-content: center;
    align-items: center;
    min-height: 100vh;
}

.container {
    background-color
```
 from 'https://github.com/Ann4017/Ann-Guessing-Numbers' with an unknown license
TextDocument: file:///home/carpathianwolfjoseph/index.html, InsertPosition: Ln:3, Col:4

2025-03-23 03:40:59: Accepted generated code with cited text 
```
font-family: sans-serif;
    display: flex;
    justify-content: center;
    align-items: center;
    min-height: 100vh;
}

.container {
    background-color
```
 from 'https://github.com/Ann4017/Ann-Guessing-Numbers' with an unknown license
TextDocument: untitled:Untitled-3, InsertPosition: Ln:0, Col:0

2025-03-23 03:41:09: Accepted generated code with cited text 
```
;
    justify-content: center;
    align-items: center;
    min-height: 100vh;
}

.container {
    background-color
```
 from 'https://github.com/Ann4017/Ann-Guessing-Numbers' with an unknown license
TextDocument: untitled:Untitled-2, InsertPosition: Ln:0, Col:0

2025-03-23 03:41:09: Accepted generated code with cited text 
```
font-family: sans-serif;
    display: flex;
    justify-content: center;
    align-items: center;
    min-height: 100vh;
}

.container {
    background-color
```
 from 'https://github.com/Ann4017/Ann-Guessing-Numbers' with an unknown license
TextDocument: untitled:Untitled-2, InsertPosition: Ln:0, Col:0

2025-03-23 03:41:10: Accepted generated code with cited text 
```
;
    justify-content: center;
    align-items: center;
    min-height: 100vh;
}

.container {
    background-color
```
 from 'https://github.com/Ann4017/Ann-Guessing-Numbers' with an unknown license
TextDocument: untitled:Untitled-2, InsertPosition: Ln:0, Col:0

2025-03-23 03:41:10: Accepted generated code with cited text 
```
;
    justify-content: center;
    align-items: center;
    min-height: 100vh;
}

.container {
    background-color
```
 from 'https://github.com/Ann4017/Ann-Guessing-Numbers' with an unknown license
TextDocument: untitled:Untitled-2, InsertPosition: Ln:0, Col:0

2025-03-23 03:41:10: Accepted generated code with cited text 
```
font-family: sans-serif;
    display: flex;
    justify-content: center;
    align-items: center;
    min-height: 100vh;
}

.container {
    background-color
```
 from 'https://github.com/Ann4017/Ann-Guessing-Numbers' with an unknown license
TextDocument: untitled:Untitled-2, InsertPosition: Ln:0, Col:0

2025-03-23 03:41:21: Accepted generated code with cited text 
```
font-family: sans-serif;
    display: flex;
    justify-content: center;
    align-items: center;
    min-height: 100vh;
}

.container {
    background-color
```
 from 'https://github.com/Ann4017/Ann-Guessing-Numbers' with an unknown license
TextDocument: file:///home/carpathianwolfjoseph/style.css, InsertPosition: Ln:0, Col:0

2025-03-23 03:41:26: Accepted generated code with cited text 
```
document.getElementById("search-form").addEventListener("submit", (event) => {
    event.preventDefault();
    const searchTerm = document.getElementById
```
 from 'https://github.com/nathan-d-leathers/assesment_3' with an unknown license
TextDocument: untitled:Untitled-2, InsertPosition: Ln:0, Col:0

2025-03-23 03:41:35: Accepted generated code with cited text 
```
font-family: sans-serif;
    display: flex;
    justify-content: center;
    align-items: center;
    min-height: 100vh;
}

.container {
    background-color
```
 from 'https://github.com/Ann4017/Ann-Guessing-Numbers' with an unknown license
TextDocument: file:///home/carpathianwolfjoseph/style.css, InsertPosition: Ln:0, Col:0

2025-03-23 03:41:41: Accepted generated code with cited text 
```
document.getElementById("search-form").addEventListener("submit", (event) => {
    event.preventDefault();
    const searchTerm = document.getElementById
```
 from 'https://github.com/nathan-d-leathers/assesment_3' with an unknown license
TextDocument: untitled:Untitled-3, InsertPosition: Ln:0, Col:0

2025-03-23 03:41:49: Accepted generated code with cited text 
```

```
 from 'https://github.com/nathan-d-leathers/assesment_3' with an unknown license
TextDocument: untitled:Untitled-2, InsertPosition: Ln:0, Col:0

2025-03-23 03:41:49: Accepted generated code with cited text 
```
document.getElementById("search-form").addEventListener("submit", (event) => {
    event.preventDefault();
    const searchTerm = document.getElementById
```
 from 'https://github.com/nathan-d-leathers/assesment_3' with an unknown license
TextDocument: untitled:Untitled-2, InsertPosition: Ln:0, Col:0

2025-03-23 03:41:50: Accepted generated code with cited text 
```

```
 from 'https://github.com/nathan-d-leathers/assesment_3' with an unknown license
TextDocument: untitled:Untitled-2, InsertPosition: Ln:0, Col:0

2025-03-23 03:41:50: Accepted generated code with cited text 
```

```
 from 'https://github.com/nathan-d-leathers/assesment_3' with an unknown license
TextDocument: untitled:Untitled-2, InsertPosition: Ln:0, Col:0

2025-03-23 03:41:50: Accepted generated code with cited text 
```
document.getElementById("search-form").addEventListener("submit", (event) => {
    event.preventDefault();
    const searchTerm = document.getElementById
```
 from 'https://github.com/nathan-d-leathers/assesment_3' with an unknown license
TextDocument: untitled:Untitled-2, InsertPosition: Ln:0, Col:0

2025-03-23 03:42:00: Accepted generated code with cited text 
```
document.getElementById("search-form").addEventListener("submit", (event) => {
    event.preventDefault();
    const searchTerm = document.getElementById
```
 from 'https://github.com/nathan-d-leathers/assesment_3' with an unknown license
TextDocument: file:///home/carpathianwolfjoseph/script.js, InsertPosition: Ln:0, Col:0

2025-03-23 03:57:45: Accepted generated code with cited text 
```
document.getElementById("search-form").addEventListener("submit", (event) => {
    event.preventDefault();
    const searchTerm = document.getElementById
```
 from 'https://github.com/nathan-d-leathers/assesment_3' with an unknown license
TextDocument: file:///home/carpathianwolfjoseph/script.js, InsertPosition: Ln:16, Col:0

2025-03-23 03:57:47: Accepted generated code with cited text 
```
document.getElementById("search-form").addEventListener("submit", (event) => {
    event.preventDefault();
    const searchTerm = document.getElementById
```
 from 'https://github.com/nathan-d-leathers/assesment_3' with an unknown license
TextDocument: file:///home/carpathianwolfjoseph/script.js, InsertPosition: Ln:0, Col:0

2025-03-23 04:07:50: Accepted generated code with cited text 
```
font-family: sans-serif;
    display: flex;
    justify-content: center;
    align-items: center;
    min-height: 100vh;
}

.container {
    background-color
```
 from 'https://github.com/Ann4017/Ann-Guessing-Numbers' with an unknown license
TextDocument: untitled:Untitled-4, InsertPosition: Ln:0, Col:0

2025-03-23 04:07:50: Accepted generated code with cited text 
```
font-family: sans-serif;
    display: flex;
    justify-content: center;
    align-items: center;
    min-height: 100vh;
}

.container {
    background-color
```
 from 'https://github.com/Ann4017/Ann-Guessing-Numbers' with an unknown license
TextDocument: untitled:Untitled-4, InsertPosition: Ln:0, Col:0

2025-03-23 04:08:07: Accepted generated code with cited text 
```
font-family: sans-serif;
    display: flex;
    justify-content: center;
    align-items: center;
    min-height: 100vh;
}

.container {
    background-color
```
 from 'https://github.com/Ann4017/Ann-Guessing-Numbers' with an unknown license
TextDocument: file:///home/carpathianwolfjoseph/public/public/style.css, InsertPosition: Ln:0, Col:0

2025-03-23 04:08:07: Accepted generated code with cited text 
```
font-family: sans-serif;
    display: flex;
    justify-content: center;
    align-items: center;
    min-height: 100vh;
}

.container {
    background-color
```
 from 'https://github.com/Ann4017/Ann-Guessing-Numbers' with an unknown license
TextDocument: file:///home/carpathianwolfjoseph/public/public/style.css, InsertPosition: Ln:0, Col:0

2025-03-23 04:08:10: Accepted generated code with cited text 
```
document.getElementById("search-form").addEventListener("submit", (event) => {
    event.preventDefault();
    const searchTerm = document.getElementById
```
 from 'https://github.com/nathan-d-leathers/assesment_3' with an unknown license
TextDocument: untitled:Untitled-4, InsertPosition: Ln:0, Col:0

2025-03-23 04:08:10: Accepted generated code with cited text 
```
document.getElementById("search-form").addEventListener("submit", (event) => {
    event.preventDefault();
    const searchTerm = document.getElementById
```
 from 'https://github.com/nathan-d-leathers/assesment_3' with an unknown license
TextDocument: untitled:Untitled-4, InsertPosition: Ln:0, Col:0

2025-03-23 04:08:22: Accepted generated code with cited text 
```
document.getElementById("search-form").addEventListener("submit", (event) => {
    event.preventDefault();
    const searchTerm = document.getElementById
```
 from 'https://github.com/nathan-d-leathers/assesment_3' with an unknown license
TextDocument: file:///home/carpathianwolfjoseph/public/script.js, InsertPosition: Ln:0, Col:0

2025-03-23 04:08:22: Accepted generated code with cited text 
```
document.getElementById("search-form").addEventListener("submit", (event) => {
    event.preventDefault();
    const searchTerm = document.getElementById
```
 from 'https://github.com/nathan-d-leathers/assesment_3' with an unknown license
TextDocument: file:///home/carpathianwolfjoseph/public/script.js, InsertPosition: Ln:0, Col:0

2025-03-23 04:08:32: Accepted generated code with cited text 
```
font-family: sans-serif;
    display: flex;
    justify-content: center;
    align-items: center;
    min-height: 100vh;
}

.container {
    background-color
```
 from 'https://github.com/Ann4017/Ann-Guessing-Numbers' with an unknown license
TextDocument: file:///home/carpathianwolfjoseph/public/style.css, InsertPosition: Ln:0, Col:0

2025-03-23 04:08:32: Accepted generated code with cited text 
```
font-family: sans-serif;
    display: flex;
    justify-content: center;
    align-items: center;
    min-height: 100vh;
}

.container {
    background-color
```
 from 'https://github.com/Ann4017/Ann-Guessing-Numbers' with an unknown license
TextDocument: file:///home/carpathianwolfjoseph/public/style.css, InsertPosition: Ln:0, Col:0

