Initializing document watcher...
Document watcher initialized
/User/settings.json: Using EditorConfig core...
/User/settings.json: Using EditorConfig core...
/User/settings.json: Using EditorConfig core...
carpathianwolfjoseph/README-cloudshell.txt: {}
No more open editors.
No more open editors.
No more open editors.
No more open editors.
No more open editors.
carpathianwolfjoseph/Untitled-1: {}
carpathianwolfjoseph/Untitled-2: {}
/User/settings.json: Using EditorConfig core...
carpathianwolfjoseph/Untitled-1: {}
carpathianwolfjoseph/# app.py: Using EditorConfig core...
carpathianwolfjoseph/# app.py: {}
carpathianwolfjoseph/Untitled-1: {}
carpathianwolfjoseph/Untitled-2: {}
carpathianwolfjoseph/Untitled-1: {}
carpathianwolfjoseph/Untitled-1.html: Using EditorConfig core...
carpathianwolfjoseph/Untitled-1.html: {}
carpathianwolfjoseph/Untitled-1: {}
carpathianwolfjoseph/Untitled-2: {}
carpathianwolfjoseph/Untitled-1: {}
carpathianwolfjoseph/Untitled-1.css: Using EditorConfig core...
carpathianwolfjoseph/Untitled-1.css: {}
carpathianwolfjoseph/Untitled-1: {}
carpathianwolfjoseph/Untitled-1.css: {}
carpathianwolfjoseph/Untitled-1.css: Using EditorConfig core...
carpathianwolfjoseph/Untitled-1: {}
carpathianwolfjoseph/Untitled-2: {}
carpathianwolfjoseph/Untitled-3: {}
carpathianwolfjoseph/Untitled-4: {}
carpathianwolfjoseph/Untitled-5: {}
carpathianwolfjoseph/Untitled-4: {}
carpathianwolfjoseph/Untitled-4: {}
carpathianwolfjoseph/Untitled-4: {}
carpathianwolfjoseph/Untitled-3: {}
carpathianwolfjoseph/Untitled-3: {}
carpathianwolfjoseph/Untitled-3: {}
carpathianwolfjoseph/Untitled-2: {}
carpathianwolfjoseph/Untitled-2: {}
carpathianwolfjoseph/Untitled-2: {}
carpathianwolfjoseph/Untitled-1: {}
carpathianwolfjoseph/Untitled-1: {}
carpathianwolfjoseph/Untitled-1: {}
carpathianwolfjoseph/Untitled-1.css: {}
carpathianwolfjoseph/Untitled-1.css: Using EditorConfig core...
carpathianwolfjoseph/Untitled-1.html: {}
carpathianwolfjoseph/Untitled-1.css: {}
carpathianwolfjoseph/Untitled-1.html: {}
carpathianwolfjoseph/# app.py: {}
carpathianwolfjoseph/Untitled-1.html: {}
carpathianwolfjoseph/Untitled-1: {}
carpathianwolfjoseph/Untitled-1: {}
carpathianwolfjoseph/Untitled-1: {}
carpathianwolfjoseph/index.html: {}
carpathianwolfjoseph/style.css: {}
carpathianwolfjoseph/style.css: {}
carpathianwolfjoseph/Untitled-2: {}
carpathianwolfjoseph/script.css: Using EditorConfig core...
carpathianwolfjoseph/script.css: {}
carpathianwolfjoseph/script.js: {}
carpathianwolfjoseph/Untitled-2: {}
carpathianwolfjoseph/# doordash_api.py: Using EditorConfig core...
carpathianwolfjoseph/# doordash_api.py: {}
carpathianwolfjoseph/Untitled-2: {}
carpathianwolfjoseph/# doordash_api.py: {}
carpathianwolfjoseph/Untitled-2: {}
carpathianwolfjoseph/Untitled-2: {}
carpathianwolfjoseph/Untitled-3: {}
carpathianwolfjoseph/Untitled-2: {}
carpathianwolfjoseph/# gmail_reader.py: Using EditorConfig core...
carpathianwolfjoseph/# gmail_reader.py: {}
carpathianwolfjoseph/Untitled-2: {}
carpathianwolfjoseph/# gmail_reader.py: {}
carpathianwolfjoseph/# gmail_reader.py: Using EditorConfig core...
carpathianwolfjoseph/requirements.py: {}
carpathianwolfjoseph/requirements.txt: {}
carpathianwolfjoseph/Untitled-2: {}
carpathianwolfjoseph/gmail_reader.py: Using EditorConfig core...
carpathianwolfjoseph/gmail_reader.py: {}
carpathianwolfjoseph/requirements.txt: {}
carpathianwolfjoseph/# doordash_api.py: {}
carpathianwolfjoseph/# doordash_api.py: {}
carpathianwolfjoseph/# doordash_api.py: {}
carpathianwolfjoseph/# doordash_api.py: {}
carpathianwolfjoseph/# doordash_api.py: {}
carpathianwolfjoseph/# app.py: {}
carpathianwolfjoseph/Untitled-2: {}
carpathianwolfjoseph/Untitled-3: {}
carpathianwolfjoseph/Untitled-2: {}
carpathianwolfjoseph/index.html: Using EditorConfig core...
carpathianwolfjoseph/index.html: {}
carpathianwolfjoseph/Untitled-2: {}
carpathianwolfjoseph/index.html: {}
carpathianwolfjoseph/index.html: Using EditorConfig core...
carpathianwolfjoseph/index.html: Using EditorConfig core...
carpathianwolfjoseph/index.html: Using EditorConfig core...
carpathianwolfjoseph/Untitled-2: {}
carpathianwolfjoseph/Untitled-3: {}
carpathianwolfjoseph/Untitled-2: {}
carpathianwolfjoseph/style.css: Using EditorConfig core...
carpathianwolfjoseph/style.css: {}
carpathianwolfjoseph/Untitled-2: {}
carpathianwolfjoseph/style.css: {}
carpathianwolfjoseph/index.html: {}
carpathianwolfjoseph/Untitled-2: {}
carpathianwolfjoseph/Untitled-3: {}
carpathianwolfjoseph/Untitled-2: {}
carpathianwolfjoseph/script.js: Using EditorConfig core...
carpathianwolfjoseph/script.js: {}
carpathianwolfjoseph/script.js: {}
carpathianwolfjoseph/script.js: {}
carpathianwolfjoseph/script.js: {}
carpathianwolfjoseph/script.js: {}
carpathianwolfjoseph/script.js: {}
carpathianwolfjoseph/script.js: {}
carpathianwolfjoseph/script.js: {}
carpathianwolfjoseph/script.js: {}
carpathianwolfjoseph/firebase.json: {}
carpathianwolfjoseph/Untitled-2: {}
carpathianwolfjoseph/Untitled-2: {}
carpathianwolfjoseph/Untitled-2: {}
carpathianwolfjoseph/script.js: {}
carpathianwolfjoseph/Untitled-3: {}
carpathianwolfjoseph/script.js: {}
carpathianwolfjoseph/script.js: Using EditorConfig core...
carpathianwolfjoseph/script.js: Using EditorConfig core...
carpathianwolfjoseph/Untitled-3: {}
carpathianwolfjoseph/Untitled-4: {}
carpathianwolfjoseph/Untitled-3: {}
carpathianwolfjoseph/firease.json: Using EditorConfig core...
carpathianwolfjoseph/firease.json: {}
carpathianwolfjoseph/firebase.json: {}
carpathianwolfjoseph/firebase.json: {}
carpathianwolfjoseph/firebase.json: {}
No more open editors.
carpathianwolfjoseph/README-cloudshell.txt: {}
carpathianwolfjoseph/Untitled-3: {}
carpathianwolfjoseph/Untitled-3: {}
carpathianwolfjoseph/Untitled-3: {}
carpathianwolfjoseph/Untitled-3: {}
carpathianwolfjoseph/firebase.json: {}
carpathianwolfjoseph/Untitled-4: {}
carpathianwolfjoseph/Untitled-4.json: Using EditorConfig core...
carpathianwolfjoseph/Untitled-4.json: {}
carpathianwolfjoseph/firebase.json: {}
carpathianwolfjoseph/firebase.json: {}
carpathianwolfjoseph/Untitled-4: {}
carpathianwolfjoseph/firebase.json: {}
carpathianwolfjoseph/firebase.json: Using EditorConfig core...
carpathianwolfjoseph/Untitled-4: {}
carpathianwolfjoseph/firebase.json: Using EditorConfig core...
carpathianwolfjoseph/firebase.json: {}
carpathianwolfjoseph/Untitled-4: {}
carpathianwolfjoseph/public/index.html: Using EditorConfig core...
carpathianwolfjoseph/public/index.html: {}
carpathianwolfjoseph/Untitled-4: {}
carpathianwolfjoseph/public/public/style.css: Using EditorConfig core...
carpathianwolfjoseph/public/public/style.css: {}
carpathianwolfjoseph/Untitled-4: {}
carpathianwolfjoseph/public/script.js: Using EditorConfig core...
carpathianwolfjoseph/public/script.js: {}
carpathianwolfjoseph/public/script.js: {}
