0 verbose cli /usr/local/nvm/versions/node/v22.14.0/bin/node /usr/local/nvm/versions/node/v22.14.0/bin/npm
1 info using npm@11.2.0
2 info using node@v22.14.0
3 silly config load:file:/usr/local/nvm/versions/node/v22.14.0/lib/node_modules/npm/npmrc
4 silly config load:file:/home/carpathianwolfjoseph/.cache/typescript/5.6/.npmrc
5 silly config load:file:/home/carpathianwolfjoseph/.npmrc
6 silly config load:file:/usr/local/nvm/versions/node/v22.14.0/etc/npmrc
7 verbose title npm install types-registry@latest
8 verbose argv "install" "--ignore-scripts" "types-registry@latest"
9 verbose logfile logs-max:10 dir:/home/carpathianwolfjoseph/.npm/_logs/2025-03-23T03_31_16_493Z-
10 verbose logfile /home/carpathianwolfjoseph/.npm/_logs/2025-03-23T03_31_16_493Z-debug-0.log
11 silly logfile done cleaning log files
12 silly packumentCache heap:2197815296 maxSize:549453824 maxEntrySize:274726912
13 silly packumentCache corgi:https://registry.npmjs.org/types-registry cache-miss
14 http fetch GET 200 https://registry.npmjs.org/types-registry 260ms (cache miss)
15 silly packumentCache corgi:https://registry.npmjs.org/types-registry set size:undefined disposed:false
16 silly idealTree buildDeps
17 silly fetch manifest types-registry@0.1.713
18 silly packumentCache full:https://registry.npmjs.org/types-registry cache-miss
19 http fetch GET 200 https://registry.npmjs.org/types-registry 112ms (cache miss)
20 silly packumentCache full:https://registry.npmjs.org/types-registry set size:undefined disposed:false
21 silly placeDep ROOT types-registry@0.1.713 OK for:  want: 0.1.713
22 silly reify moves {}
23 silly audit bulk request { 'types-registry': [ '0.1.713' ] }
24 http cache types-registry@https://registry.npmjs.org/types-registry/-/types-registry-0.1.713.tgz 0ms (cache hit)
25 silly tarball no local data for types-registry@https://registry.npmjs.org/types-registry/-/types-registry-0.1.713.tgz. Extracting by manifest.
26 http fetch POST 200 https://registry.npmjs.org/-/npm/v1/security/advisories/bulk 141ms
27 silly audit report {}
28 http fetch GET 200 https://registry.npmjs.org/types-registry/-/types-registry-0.1.713.tgz 162ms (cache miss)
29 silly ADD node_modules/types-registry
30 verbose cwd /home/carpathianwolfjoseph/.cache/typescript/5.6
31 verbose os Linux 6.6.72+
32 verbose node v22.14.0
33 verbose npm  v11.2.0
34 verbose exit 0
35 info ok
