2025-03-23 03:19:45.889 [info] Extension host with pid 1359 started
2025-03-23 03:19:45.889 [error] Error: EEXIST: file already exists, open '/home/carpathianwolfjoseph/.codeoss/data/User/workspaceStorage/5f60c524/vscode.lock'
2025-03-23 03:19:45.894 [info] Lock '/home/carpathianwolfjoseph/.codeoss/data/User/workspaceStorage/5f60c524/vscode.lock': Could not acquire lock, checking if the file is stale.
2025-03-23 03:19:45.902 [info] Lock '/home/carpathianwolfjoseph/.codeoss/data/User/workspaceStorage/5f60c524/vscode.lock': The lock does not look stale, elapsed: 252 ms, giving up.
2025-03-23 03:19:45.915 [info] Lock '/home/carpathianwolfjoseph/.codeoss/data/User/workspaceStorage/5f60c524-1/vscode.lock': Lock acquired.
2025-03-23 03:19:53.314 [info] ExtensionService#_doActivateExtension vscode.emmet, startup: false, activationEvent: 'onLanguage'
2025-03-23 03:19:54.316 [info] ExtensionService#_doActivateExtension vscode.git-base, startup: true, activationEvent: '*', root cause: vscode.git
2025-03-23 03:19:55.283 [info] ExtensionService#_doActivateExtension vscode.git, startup: true, activationEvent: '*'
2025-03-23 03:19:55.284 [info] ExtensionService#_doActivateExtension vscode.github, startup: true, activationEvent: '*'
2025-03-23 03:19:57.531 [info] Eager extensions activated
2025-03-23 03:19:57.532 [info] ExtensionService#_doActivateExtension EditorConfig.EditorConfig, startup: false, activationEvent: 'onStartupFinished'
2025-03-23 03:19:57.533 [info] ExtensionService#_doActivateExtension google.cloud-shell, startup: false, activationEvent: 'onStartupFinished'
2025-03-23 03:19:57.534 [info] ExtensionService#_doActivateExtension google.geminicodeassist, startup: false, activationEvent: 'onStartupFinished', root cause: googlecloudtools.cloudcode
2025-03-23 03:19:57.535 [info] ExtensionService#_doActivateExtension vscode.debug-auto-launch, startup: false, activationEvent: 'onStartupFinished'
2025-03-23 03:19:57.535 [info] ExtensionService#_doActivateExtension vscode.merge-conflict, startup: false, activationEvent: 'onStartupFinished'
2025-03-23 03:20:00.582 [info] ExtensionService#_doActivateExtension vscode.configuration-editing, startup: false, activationEvent: 'onLanguage:jsonc'
2025-03-23 03:20:00.582 [info] ExtensionService#_doActivateExtension vscode.json-language-features, startup: false, activationEvent: 'onLanguage:jsonc'
2025-03-23 03:20:00.583 [info] ExtensionService#_doActivateExtension vscode.typescript-language-features, startup: false, activationEvent: 'onLanguage:jsonc'
2025-03-23 03:20:00.771 [info] ExtensionService#_doActivateExtension googlecloudtools.cloudcode, startup: false, activationEvent: 'onStartupFinished'
2025-03-23 03:21:55.213 [info] ExtensionService#_doActivateExtension RooVeterinaryInc.roo-cline, startup: false, activationEvent: 'onLanguage'
2025-03-23 03:22:01.307 [info] ExtensionService#_doActivateExtension Codium.codium, startup: false, activationEvent: 'onStartupFinished'
